CRITICAL - 2022-04-13 12:07:06 --> Class 'App\Controllers\PessoaModel' not found
#0 C:\wamp64\www\codeigniterProjeto13DSPeruibe\system\CodeIgniter.php(825): App\Controllers\Home->pessoa()
#1 C:\wamp64\www\codeigniterProjeto13DSPeruibe\system\CodeIgniter.php(412): CodeIgniter\CodeIgniter->runController(Object(App\Controllers\Home))
#2 C:\wamp64\www\codeigniterProjeto13DSPeruibe\system\CodeIgniter.php(320): CodeIgniter\CodeIgniter->handleRequest(NULL, Object(Config\Cache), false)
#3 C:\wamp64\www\codeigniterProjeto13DSPeruibe\public\index.php(37): CodeIgniter\CodeIgniter->run()
#4 C:\wamp64\www\codeigniterProjeto13DSPeruibe\system\Commands\Server\rewrite.php(43): require_once('C:\\wamp64\\www\\c...')
#5 {main}
CRITICAL - 2022-04-13 12:07:46 --> Class 'App\Controllers\PessoaModel' not found
#0 C:\wamp64\www\codeigniterProjeto13DSPeruibe\system\CodeIgniter.php(825): App\Controllers\Home->pessoa()
#1 C:\wamp64\www\codeigniterProjeto13DSPeruibe\system\CodeIgniter.php(412): CodeIgniter\CodeIgniter->runController(Object(App\Controllers\Home))
#2 C:\wamp64\www\codeigniterProjeto13DSPeruibe\system\CodeIgniter.php(320): CodeIgniter\CodeIgniter->handleRequest(NULL, Object(Config\Cache), false)
#3 C:\wamp64\www\codeigniterProjeto13DSPeruibe\public\index.php(37): CodeIgniter\CodeIgniter->run()
#4 C:\wamp64\www\codeigniterProjeto13DSPeruibe\system\Commands\Server\rewrite.php(43): require_once('C:\\wamp64\\www\\c...')
#5 {main}
CRITICAL - 2022-04-13 12:07:48 --> Class 'App\Controllers\PessoaModel' not found
#0 C:\wamp64\www\codeigniterProjeto13DSPeruibe\system\CodeIgniter.php(825): App\Controllers\Home->pessoa()
#1 C:\wamp64\www\codeigniterProjeto13DSPeruibe\system\CodeIgniter.php(412): CodeIgniter\CodeIgniter->runController(Object(App\Controllers\Home))
#2 C:\wamp64\www\codeigniterProjeto13DSPeruibe\system\CodeIgniter.php(320): CodeIgniter\CodeIgniter->handleRequest(NULL, Object(Config\Cache), false)
#3 C:\wamp64\www\codeigniterProjeto13DSPeruibe\public\index.php(37): CodeIgniter\CodeIgniter->run()
#4 C:\wamp64\www\codeigniterProjeto13DSPeruibe\system\Commands\Server\rewrite.php(43): require_once('C:\\wamp64\\www\\c...')
#5 {main}
CRITICAL - 2022-04-13 12:09:51 --> Class 'App\Controllers\PessoaModel' not found
#0 C:\wamp64\www\codeigniterProjeto13DSPeruibe\system\CodeIgniter.php(825): App\Controllers\Home->pessoa()
#1 C:\wamp64\www\codeigniterProjeto13DSPeruibe\system\CodeIgniter.php(412): CodeIgniter\CodeIgniter->runController(Object(App\Controllers\Home))
#2 C:\wamp64\www\codeigniterProjeto13DSPeruibe\system\CodeIgniter.php(320): CodeIgniter\CodeIgniter->handleRequest(NULL, Object(Config\Cache), false)
#3 C:\wamp64\www\codeigniterProjeto13DSPeruibe\public\index.php(37): CodeIgniter\CodeIgniter->run()
#4 C:\wamp64\www\codeigniterProjeto13DSPeruibe\system\Commands\Server\rewrite.php(43): require_once('C:\\wamp64\\www\\c...')
#5 {main}
CRITICAL - 2022-04-13 12:17:58 --> Call to a member function getPessoas() on null
#0 C:\wamp64\www\codeigniterProjeto13DSPeruibe\system\CodeIgniter.php(825): App\Controllers\Home->page('pessoa')
#1 C:\wamp64\www\codeigniterProjeto13DSPeruibe\system\CodeIgniter.php(412): CodeIgniter\CodeIgniter->runController(Object(App\Controllers\Home))
#2 C:\wamp64\www\codeigniterProjeto13DSPeruibe\system\CodeIgniter.php(320): CodeIgniter\CodeIgniter->handleRequest(NULL, Object(Config\Cache), false)
#3 C:\wamp64\www\codeigniterProjeto13DSPeruibe\public\index.php(37): CodeIgniter\CodeIgniter->run()
#4 C:\wamp64\www\codeigniterProjeto13DSPeruibe\system\Commands\Server\rewrite.php(43): require_once('C:\\wamp64\\www\\c...')
#5 {main}
CRITICAL - 2022-04-13 12:20:15 --> Class 'App\Controllers\PessoaModel' not found
#0 C:\wamp64\www\codeigniterProjeto13DSPeruibe\system\CodeIgniter.php(825): App\Controllers\Home->pessoa()
#1 C:\wamp64\www\codeigniterProjeto13DSPeruibe\system\CodeIgniter.php(412): CodeIgniter\CodeIgniter->runController(Object(App\Controllers\Home))
#2 C:\wamp64\www\codeigniterProjeto13DSPeruibe\system\CodeIgniter.php(320): CodeIgniter\CodeIgniter->handleRequest(NULL, Object(Config\Cache), false)
#3 C:\wamp64\www\codeigniterProjeto13DSPeruibe\public\index.php(37): CodeIgniter\CodeIgniter->run()
#4 C:\wamp64\www\codeigniterProjeto13DSPeruibe\system\Commands\Server\rewrite.php(43): require_once('C:\\wamp64\\www\\c...')
#5 {main}
CRITICAL - 2022-04-13 12:20:20 --> Invalid file: pessoa].php
#0 C:\wamp64\www\codeigniterProjeto13DSPeruibe\system\View\View.php(198): CodeIgniter\Exceptions\FrameworkException::forInvalidFile('pessoa].php')
#1 C:\wamp64\www\codeigniterProjeto13DSPeruibe\system\Common.php(1089): CodeIgniter\View\View->render('pessoa]', Array, true)
#2 C:\wamp64\www\codeigniterProjeto13DSPeruibe\app\Controllers\Home.php(20): view('pessoa]')
#3 C:\wamp64\www\codeigniterProjeto13DSPeruibe\system\CodeIgniter.php(825): App\Controllers\Home->page('pessoa]')
#4 C:\wamp64\www\codeigniterProjeto13DSPeruibe\system\CodeIgniter.php(412): CodeIgniter\CodeIgniter->runController(Object(App\Controllers\Home))
#5 C:\wamp64\www\codeigniterProjeto13DSPeruibe\system\CodeIgniter.php(320): CodeIgniter\CodeIgniter->handleRequest(NULL, Object(Config\Cache), false)
#6 C:\wamp64\www\codeigniterProjeto13DSPeruibe\public\index.php(37): CodeIgniter\CodeIgniter->run()
#7 C:\wamp64\www\codeigniterProjeto13DSPeruibe\system\Commands\Server\rewrite.php(43): require_once('C:\\wamp64\\www\\c...')
#8 {main}
CRITICAL - 2022-04-13 12:20:23 --> Invalid argument supplied for foreach()
#0 C:\wamp64\www\codeigniterProjeto13DSPeruibe\app\Views\pessoa.php(4): CodeIgniter\Debug\Exceptions->errorHandler(2, 'Invalid argumen...', 'C:\\wamp64\\www\\c...', 4, Array)
#1 C:\wamp64\www\codeigniterProjeto13DSPeruibe\system\View\View.php(210): include('C:\\wamp64\\www\\c...')
#2 C:\wamp64\www\codeigniterProjeto13DSPeruibe\system\View\View.php(213): CodeIgniter\View\View->CodeIgniter\View\{closure}()
#3 C:\wamp64\www\codeigniterProjeto13DSPeruibe\system\Common.php(1089): CodeIgniter\View\View->render('pessoa', Array, true)
#4 C:\wamp64\www\codeigniterProjeto13DSPeruibe\app\Controllers\Home.php(20): view('pessoa')
#5 C:\wamp64\www\codeigniterProjeto13DSPeruibe\system\CodeIgniter.php(825): App\Controllers\Home->page('pessoa')
#6 C:\wamp64\www\codeigniterProjeto13DSPeruibe\system\CodeIgniter.php(412): CodeIgniter\CodeIgniter->runController(Object(App\Controllers\Home))
#7 C:\wamp64\www\codeigniterProjeto13DSPeruibe\system\CodeIgniter.php(320): CodeIgniter\CodeIgniter->handleRequest(NULL, Object(Config\Cache), false)
#8 C:\wamp64\www\codeigniterProjeto13DSPeruibe\public\index.php(37): CodeIgniter\CodeIgniter->run()
#9 C:\wamp64\www\codeigniterProjeto13DSPeruibe\system\Commands\Server\rewrite.php(43): require_once('C:\\wamp64\\www\\c...')
#10 {main}
CRITICAL - 2022-04-13 12:20:26 --> Invalid argument supplied for foreach()
#0 C:\wamp64\www\codeigniterProjeto13DSPeruibe\app\Views\pessoa.php(4): CodeIgniter\Debug\Exceptions->errorHandler(2, 'Invalid argumen...', 'C:\\wamp64\\www\\c...', 4, Array)
#1 C:\wamp64\www\codeigniterProjeto13DSPeruibe\system\View\View.php(210): include('C:\\wamp64\\www\\c...')
#2 C:\wamp64\www\codeigniterProjeto13DSPeruibe\system\View\View.php(213): CodeIgniter\View\View->CodeIgniter\View\{closure}()
#3 C:\wamp64\www\codeigniterProjeto13DSPeruibe\system\Common.php(1089): CodeIgniter\View\View->render('pessoa', Array, true)
#4 C:\wamp64\www\codeigniterProjeto13DSPeruibe\app\Controllers\Home.php(20): view('pessoa')
#5 C:\wamp64\www\codeigniterProjeto13DSPeruibe\system\CodeIgniter.php(825): App\Controllers\Home->page('pessoa')
#6 C:\wamp64\www\codeigniterProjeto13DSPeruibe\system\CodeIgniter.php(412): CodeIgniter\CodeIgniter->runController(Object(App\Controllers\Home))
#7 C:\wamp64\www\codeigniterProjeto13DSPeruibe\system\CodeIgniter.php(320): CodeIgniter\CodeIgniter->handleRequest(NULL, Object(Config\Cache), false)
#8 C:\wamp64\www\codeigniterProjeto13DSPeruibe\public\index.php(37): CodeIgniter\CodeIgniter->run()
#9 C:\wamp64\www\codeigniterProjeto13DSPeruibe\system\Commands\Server\rewrite.php(43): require_once('C:\\wamp64\\www\\c...')
#10 {main}
CRITICAL - 2022-04-13 12:21:19 --> Invalid argument supplied for foreach()
#0 C:\wamp64\www\codeigniterProjeto13DSPeruibe\app\Views\pessoa.php(4): CodeIgniter\Debug\Exceptions->errorHandler(2, 'Invalid argumen...', 'C:\\wamp64\\www\\c...', 4, Array)
#1 C:\wamp64\www\codeigniterProjeto13DSPeruibe\system\View\View.php(210): include('C:\\wamp64\\www\\c...')
#2 C:\wamp64\www\codeigniterProjeto13DSPeruibe\system\View\View.php(213): CodeIgniter\View\View->CodeIgniter\View\{closure}()
#3 C:\wamp64\www\codeigniterProjeto13DSPeruibe\system\Common.php(1089): CodeIgniter\View\View->render('pessoa', Array, true)
#4 C:\wamp64\www\codeigniterProjeto13DSPeruibe\app\Controllers\Home.php(20): view('pessoa')
#5 C:\wamp64\www\codeigniterProjeto13DSPeruibe\system\CodeIgniter.php(825): App\Controllers\Home->page('pessoa')
#6 C:\wamp64\www\codeigniterProjeto13DSPeruibe\system\CodeIgniter.php(412): CodeIgniter\CodeIgniter->runController(Object(App\Controllers\Home))
#7 C:\wamp64\www\codeigniterProjeto13DSPeruibe\system\CodeIgniter.php(320): CodeIgniter\CodeIgniter->handleRequest(NULL, Object(Config\Cache), false)
#8 C:\wamp64\www\codeigniterProjeto13DSPeruibe\public\index.php(37): CodeIgniter\CodeIgniter->run()
#9 C:\wamp64\www\codeigniterProjeto13DSPeruibe\system\Commands\Server\rewrite.php(43): require_once('C:\\wamp64\\www\\c...')
#10 {main}
CRITICAL - 2022-04-13 12:23:14 --> Invalid argument supplied for foreach()
#0 C:\wamp64\www\codeigniterProjeto13DSPeruibe\app\Views\pessoa.php(4): CodeIgniter\Debug\Exceptions->errorHandler(2, 'Invalid argumen...', 'C:\\wamp64\\www\\c...', 4, Array)
#1 C:\wamp64\www\codeigniterProjeto13DSPeruibe\system\View\View.php(210): include('C:\\wamp64\\www\\c...')
#2 C:\wamp64\www\codeigniterProjeto13DSPeruibe\system\View\View.php(213): CodeIgniter\View\View->CodeIgniter\View\{closure}()
#3 C:\wamp64\www\codeigniterProjeto13DSPeruibe\system\Common.php(1089): CodeIgniter\View\View->render('pessoa', Array, true)
#4 C:\wamp64\www\codeigniterProjeto13DSPeruibe\app\Controllers\Home.php(20): view('pessoa')
#5 C:\wamp64\www\codeigniterProjeto13DSPeruibe\system\CodeIgniter.php(825): App\Controllers\Home->page('pessoa')
#6 C:\wamp64\www\codeigniterProjeto13DSPeruibe\system\CodeIgniter.php(412): CodeIgniter\CodeIgniter->runController(Object(App\Controllers\Home))
#7 C:\wamp64\www\codeigniterProjeto13DSPeruibe\system\CodeIgniter.php(320): CodeIgniter\CodeIgniter->handleRequest(NULL, Object(Config\Cache), false)
#8 C:\wamp64\www\codeigniterProjeto13DSPeruibe\public\index.php(37): CodeIgniter\CodeIgniter->run()
#9 C:\wamp64\www\codeigniterProjeto13DSPeruibe\system\Commands\Server\rewrite.php(43): require_once('C:\\wamp64\\www\\c...')
#10 {main}
CRITICAL - 2022-04-13 12:23:23 --> Invalid argument supplied for foreach()
#0 C:\wamp64\www\codeigniterProjeto13DSPeruibe\app\Views\pessoa.php(4): CodeIgniter\Debug\Exceptions->errorHandler(2, 'Invalid argumen...', 'C:\\wamp64\\www\\c...', 4, Array)
#1 C:\wamp64\www\codeigniterProjeto13DSPeruibe\system\View\View.php(210): include('C:\\wamp64\\www\\c...')
#2 C:\wamp64\www\codeigniterProjeto13DSPeruibe\system\View\View.php(213): CodeIgniter\View\View->CodeIgniter\View\{closure}()
#3 C:\wamp64\www\codeigniterProjeto13DSPeruibe\system\Common.php(1089): CodeIgniter\View\View->render('pessoa', Array, true)
#4 C:\wamp64\www\codeigniterProjeto13DSPeruibe\app\Controllers\Home.php(20): view('pessoa')
#5 C:\wamp64\www\codeigniterProjeto13DSPeruibe\system\CodeIgniter.php(825): App\Controllers\Home->page('pessoa')
#6 C:\wamp64\www\codeigniterProjeto13DSPeruibe\system\CodeIgniter.php(412): CodeIgniter\CodeIgniter->runController(Object(App\Controllers\Home))
#7 C:\wamp64\www\codeigniterProjeto13DSPeruibe\system\CodeIgniter.php(320): CodeIgniter\CodeIgniter->handleRequest(NULL, Object(Config\Cache), false)
#8 C:\wamp64\www\codeigniterProjeto13DSPeruibe\public\index.php(37): CodeIgniter\CodeIgniter->run()
#9 C:\wamp64\www\codeigniterProjeto13DSPeruibe\system\Commands\Server\rewrite.php(43): require_once('C:\\wamp64\\www\\c...')
#10 {main}
CRITICAL - 2022-04-13 12:23:29 --> Class 'App\Controllers\PessoaModel' not found
#0 C:\wamp64\www\codeigniterProjeto13DSPeruibe\system\CodeIgniter.php(825): App\Controllers\Home->pessoa()
#1 C:\wamp64\www\codeigniterProjeto13DSPeruibe\system\CodeIgniter.php(412): CodeIgniter\CodeIgniter->runController(Object(App\Controllers\Home))
#2 C:\wamp64\www\codeigniterProjeto13DSPeruibe\system\CodeIgniter.php(320): CodeIgniter\CodeIgniter->handleRequest(NULL, Object(Config\Cache), false)
#3 C:\wamp64\www\codeigniterProjeto13DSPeruibe\public\index.php(37): CodeIgniter\CodeIgniter->run()
#4 C:\wamp64\www\codeigniterProjeto13DSPeruibe\system\Commands\Server\rewrite.php(43): require_once('C:\\wamp64\\www\\c...')
#5 {main}
CRITICAL - 2022-04-13 12:26:43 --> Class 'App\Controllers\PessoaModel' not found
#0 C:\wamp64\www\codeigniterProjeto13DSPeruibe\system\CodeIgniter.php(825): App\Controllers\Home->pessoa()
#1 C:\wamp64\www\codeigniterProjeto13DSPeruibe\system\CodeIgniter.php(412): CodeIgniter\CodeIgniter->runController(Object(App\Controllers\Home))
#2 C:\wamp64\www\codeigniterProjeto13DSPeruibe\system\CodeIgniter.php(320): CodeIgniter\CodeIgniter->handleRequest(NULL, Object(Config\Cache), false)
#3 C:\wamp64\www\codeigniterProjeto13DSPeruibe\public\index.php(37): CodeIgniter\CodeIgniter->run()
#4 C:\wamp64\www\codeigniterProjeto13DSPeruibe\system\Commands\Server\rewrite.php(43): require_once('C:\\wamp64\\www\\c...')
#5 {main}
CRITICAL - 2022-04-13 12:26:47 --> Invalid argument supplied for foreach()
#0 C:\wamp64\www\codeigniterProjeto13DSPeruibe\app\Views\pessoa.php(4): CodeIgniter\Debug\Exceptions->errorHandler(2, 'Invalid argumen...', 'C:\\wamp64\\www\\c...', 4, Array)
#1 C:\wamp64\www\codeigniterProjeto13DSPeruibe\system\View\View.php(210): include('C:\\wamp64\\www\\c...')
#2 C:\wamp64\www\codeigniterProjeto13DSPeruibe\system\View\View.php(213): CodeIgniter\View\View->CodeIgniter\View\{closure}()
#3 C:\wamp64\www\codeigniterProjeto13DSPeruibe\system\Common.php(1089): CodeIgniter\View\View->render('pessoa', Array, true)
#4 C:\wamp64\www\codeigniterProjeto13DSPeruibe\app\Controllers\Home.php(20): view('pessoa')
#5 C:\wamp64\www\codeigniterProjeto13DSPeruibe\system\CodeIgniter.php(825): App\Controllers\Home->page('pessoa')
#6 C:\wamp64\www\codeigniterProjeto13DSPeruibe\system\CodeIgniter.php(412): CodeIgniter\CodeIgniter->runController(Object(App\Controllers\Home))
#7 C:\wamp64\www\codeigniterProjeto13DSPeruibe\system\CodeIgniter.php(320): CodeIgniter\CodeIgniter->handleRequest(NULL, Object(Config\Cache), false)
#8 C:\wamp64\www\codeigniterProjeto13DSPeruibe\public\index.php(37): CodeIgniter\CodeIgniter->run()
#9 C:\wamp64\www\codeigniterProjeto13DSPeruibe\system\Commands\Server\rewrite.php(43): require_once('C:\\wamp64\\www\\c...')
#10 {main}
CRITICAL - 2022-04-13 12:27:22 --> Invalid argument supplied for foreach()
#0 C:\wamp64\www\codeigniterProjeto13DSPeruibe\app\Views\pessoa.php(4): CodeIgniter\Debug\Exceptions->errorHandler(2, 'Invalid argumen...', 'C:\\wamp64\\www\\c...', 4, Array)
#1 C:\wamp64\www\codeigniterProjeto13DSPeruibe\system\View\View.php(210): include('C:\\wamp64\\www\\c...')
#2 C:\wamp64\www\codeigniterProjeto13DSPeruibe\system\View\View.php(213): CodeIgniter\View\View->CodeIgniter\View\{closure}()
#3 C:\wamp64\www\codeigniterProjeto13DSPeruibe\system\Common.php(1089): CodeIgniter\View\View->render('pessoa', Array, true)
#4 C:\wamp64\www\codeigniterProjeto13DSPeruibe\app\Controllers\Home.php(20): view('pessoa')
#5 C:\wamp64\www\codeigniterProjeto13DSPeruibe\system\CodeIgniter.php(825): App\Controllers\Home->page('pessoa')
#6 C:\wamp64\www\codeigniterProjeto13DSPeruibe\system\CodeIgniter.php(412): CodeIgniter\CodeIgniter->runController(Object(App\Controllers\Home))
#7 C:\wamp64\www\codeigniterProjeto13DSPeruibe\system\CodeIgniter.php(320): CodeIgniter\CodeIgniter->handleRequest(NULL, Object(Config\Cache), false)
#8 C:\wamp64\www\codeigniterProjeto13DSPeruibe\public\index.php(37): CodeIgniter\CodeIgniter->run()
#9 C:\wamp64\www\codeigniterProjeto13DSPeruibe\system\Commands\Server\rewrite.php(43): require_once('C:\\wamp64\\www\\c...')
#10 {main}
CRITICAL - 2022-04-13 12:27:26 --> Class 'App\Controllers\PessoaModel' not found
#0 C:\wamp64\www\codeigniterProjeto13DSPeruibe\system\CodeIgniter.php(825): App\Controllers\Home->pessoa()
#1 C:\wamp64\www\codeigniterProjeto13DSPeruibe\system\CodeIgniter.php(412): CodeIgniter\CodeIgniter->runController(Object(App\Controllers\Home))
#2 C:\wamp64\www\codeigniterProjeto13DSPeruibe\system\CodeIgniter.php(320): CodeIgniter\CodeIgniter->handleRequest(NULL, Object(Config\Cache), false)
#3 C:\wamp64\www\codeigniterProjeto13DSPeruibe\public\index.php(37): CodeIgniter\CodeIgniter->run()
#4 C:\wamp64\www\codeigniterProjeto13DSPeruibe\system\Commands\Server\rewrite.php(43): require_once('C:\\wamp64\\www\\c...')
#5 {main}
CRITICAL - 2022-04-13 12:28:44 --> Class 'App\Controllers\PessoaModel' not found
#0 C:\wamp64\www\codeigniterProjeto13DSPeruibe\system\CodeIgniter.php(825): App\Controllers\Home->pessoa()
#1 C:\wamp64\www\codeigniterProjeto13DSPeruibe\system\CodeIgniter.php(412): CodeIgniter\CodeIgniter->runController(Object(App\Controllers\Home))
#2 C:\wamp64\www\codeigniterProjeto13DSPeruibe\system\CodeIgniter.php(320): CodeIgniter\CodeIgniter->handleRequest(NULL, Object(Config\Cache), false)
#3 C:\wamp64\www\codeigniterProjeto13DSPeruibe\public\index.php(37): CodeIgniter\CodeIgniter->run()
#4 C:\wamp64\www\codeigniterProjeto13DSPeruibe\system\Commands\Server\rewrite.php(43): require_once('C:\\wamp64\\www\\c...')
#5 {main}
CRITICAL - 2022-04-13 12:28:55 --> Class 'App\Controllers\PessoaModel' not found
#0 C:\wamp64\www\codeigniterProjeto13DSPeruibe\system\CodeIgniter.php(825): App\Controllers\Home->pessoa()
#1 C:\wamp64\www\codeigniterProjeto13DSPeruibe\system\CodeIgniter.php(412): CodeIgniter\CodeIgniter->runController(Object(App\Controllers\Home))
#2 C:\wamp64\www\codeigniterProjeto13DSPeruibe\system\CodeIgniter.php(320): CodeIgniter\CodeIgniter->handleRequest(NULL, Object(Config\Cache), false)
#3 C:\wamp64\www\codeigniterProjeto13DSPeruibe\public\index.php(37): CodeIgniter\CodeIgniter->run()
#4 C:\wamp64\www\codeigniterProjeto13DSPeruibe\system\Commands\Server\rewrite.php(43): require_once('C:\\wamp64\\www\\c...')
#5 {main}
CRITICAL - 2022-04-13 12:41:00 --> Class 'App\Controllers\PessoaModel' not found
#0 C:\wamp64\www\codeigniterProjeto13DSPeruibe\system\CodeIgniter.php(825): App\Controllers\Home->pessoa()
#1 C:\wamp64\www\codeigniterProjeto13DSPeruibe\system\CodeIgniter.php(412): CodeIgniter\CodeIgniter->runController(Object(App\Controllers\Home))
#2 C:\wamp64\www\codeigniterProjeto13DSPeruibe\system\CodeIgniter.php(320): CodeIgniter\CodeIgniter->handleRequest(NULL, Object(Config\Cache), false)
#3 C:\wamp64\www\codeigniterProjeto13DSPeruibe\public\index.php(37): CodeIgniter\CodeIgniter->run()
#4 C:\wamp64\www\codeigniterProjeto13DSPeruibe\system\Commands\Server\rewrite.php(43): require_once('C:\\wamp64\\www\\c...')
#5 {main}
CRITICAL - 2022-04-13 12:41:27 --> Invalid file: pessoas.php
#0 C:\wamp64\www\codeigniterProjeto13DSPeruibe\system\View\View.php(198): CodeIgniter\Exceptions\FrameworkException::forInvalidFile('pessoas.php')
#1 C:\wamp64\www\codeigniterProjeto13DSPeruibe\system\Common.php(1089): CodeIgniter\View\View->render('pessoas', Array, true)
#2 C:\wamp64\www\codeigniterProjeto13DSPeruibe\app\Controllers\Home.php(20): view('pessoas')
#3 C:\wamp64\www\codeigniterProjeto13DSPeruibe\system\CodeIgniter.php(825): App\Controllers\Home->page('pessoas')
#4 C:\wamp64\www\codeigniterProjeto13DSPeruibe\system\CodeIgniter.php(412): CodeIgniter\CodeIgniter->runController(Object(App\Controllers\Home))
#5 C:\wamp64\www\codeigniterProjeto13DSPeruibe\system\CodeIgniter.php(320): CodeIgniter\CodeIgniter->handleRequest(NULL, Object(Config\Cache), false)
#6 C:\wamp64\www\codeigniterProjeto13DSPeruibe\public\index.php(37): CodeIgniter\CodeIgniter->run()
#7 C:\wamp64\www\codeigniterProjeto13DSPeruibe\system\Commands\Server\rewrite.php(43): require_once('C:\\wamp64\\www\\c...')
#8 {main}
CRITICAL - 2022-04-13 12:41:38 --> Class 'App\Controllers\PessoaModel' not found
#0 C:\wamp64\www\codeigniterProjeto13DSPeruibe\system\CodeIgniter.php(825): App\Controllers\Home->pessoa()
#1 C:\wamp64\www\codeigniterProjeto13DSPeruibe\system\CodeIgniter.php(412): CodeIgniter\CodeIgniter->runController(Object(App\Controllers\Home))
#2 C:\wamp64\www\codeigniterProjeto13DSPeruibe\system\CodeIgniter.php(320): CodeIgniter\CodeIgniter->handleRequest(NULL, Object(Config\Cache), false)
#3 C:\wamp64\www\codeigniterProjeto13DSPeruibe\public\index.php(37): CodeIgniter\CodeIgniter->run()
#4 C:\wamp64\www\codeigniterProjeto13DSPeruibe\system\Commands\Server\rewrite.php(43): require_once('C:\\wamp64\\www\\c...')
#5 {main}
CRITICAL - 2022-04-13 12:42:02 --> Class 'App\Controllers\PessoaModel' not found
#0 C:\wamp64\www\codeigniterProjeto13DSPeruibe\system\CodeIgniter.php(825): App\Controllers\Home->pessoas()
#1 C:\wamp64\www\codeigniterProjeto13DSPeruibe\system\CodeIgniter.php(412): CodeIgniter\CodeIgniter->runController(Object(App\Controllers\Home))
#2 C:\wamp64\www\codeigniterProjeto13DSPeruibe\system\CodeIgniter.php(320): CodeIgniter\CodeIgniter->handleRequest(NULL, Object(Config\Cache), false)
#3 C:\wamp64\www\codeigniterProjeto13DSPeruibe\public\index.php(37): CodeIgniter\CodeIgniter->run()
#4 C:\wamp64\www\codeigniterProjeto13DSPeruibe\system\Commands\Server\rewrite.php(43): require_once('C:\\wamp64\\www\\c...')
#5 {main}
CRITICAL - 2022-04-13 12:47:21 --> Class 'App\Models\PessoaModel' not found
#0 C:\wamp64\www\codeigniterProjeto13DSPeruibe\system\CodeIgniter.php(825): App\Controllers\Home->pessoas()
#1 C:\wamp64\www\codeigniterProjeto13DSPeruibe\system\CodeIgniter.php(412): CodeIgniter\CodeIgniter->runController(Object(App\Controllers\Home))
#2 C:\wamp64\www\codeigniterProjeto13DSPeruibe\system\CodeIgniter.php(320): CodeIgniter\CodeIgniter->handleRequest(NULL, Object(Config\Cache), false)
#3 C:\wamp64\www\codeigniterProjeto13DSPeruibe\public\index.php(37): CodeIgniter\CodeIgniter->run()
#4 C:\wamp64\www\codeigniterProjeto13DSPeruibe\system\Commands\Server\rewrite.php(43): require_once('C:\\wamp64\\www\\c...')
#5 {main}
CRITICAL - 2022-04-13 12:47:49 --> Class 'App\Controllers\PessoaModel' not found
#0 C:\wamp64\www\codeigniterProjeto13DSPeruibe\system\CodeIgniter.php(825): App\Controllers\Home->pessoas()
#1 C:\wamp64\www\codeigniterProjeto13DSPeruibe\system\CodeIgniter.php(412): CodeIgniter\CodeIgniter->runController(Object(App\Controllers\Home))
#2 C:\wamp64\www\codeigniterProjeto13DSPeruibe\system\CodeIgniter.php(320): CodeIgniter\CodeIgniter->handleRequest(NULL, Object(Config\Cache), false)
#3 C:\wamp64\www\codeigniterProjeto13DSPeruibe\public\index.php(37): CodeIgniter\CodeIgniter->run()
#4 C:\wamp64\www\codeigniterProjeto13DSPeruibe\system\Commands\Server\rewrite.php(43): require_once('C:\\wamp64\\www\\c...')
#5 {main}
